{
"contracts/Errors.sol":{"l":{"27":1,"28":1,"29":1,"30":0,"34":1,"35":1,"36":1,"37":0,"41":1,"45":1,"46":0,"50":1,"52":1,"56":1,"60":1,"64":1,"68":1,"72":1,"80":0,"81":0,"82":0,"89":1,"90":1,"91":1,"92":0,"96":1,"97":1,"98":1,"99":0,"103":1,"107":1,"111":1,"115":1,"116":0,"120":1,"122":1,"126":1,"130":1,"134":1,"138":1,"142":1,"150":0,"151":0,"152":0},"path":"/Users/uri/Dev/tgp-hardhat/contracts/Errors.sol","s":{"1":1,"2":1,"3":1,"4":0,"5":1,"6":1,"7":1,"8":0,"9":1,"10":1,"11":0,"12":1,"13":1,"14":1,"15":1,"16":1,"17":0,"18":0,"19":1,"20":1,"21":1,"22":0,"23":1,"24":1,"25":1,"26":0,"27":1,"28":1,"29":1,"30":1,"31":0,"32":1,"33":1,"34":1,"35":1,"36":1,"37":0,"38":0},"b":{"1":[0,1],"2":[0,1]},"f":{"1":1,"2":1,"3":1,"4":1,"5":1,"6":1,"7":1,"8":1,"9":1,"10":1,"11":0,"12":1,"13":1,"14":1,"15":1,"16":1,"17":1,"18":1,"19":1,"20":1,"21":1,"22":1,"23":1,"24":0},"fnMap":{"1":{"name":"overflowRead","line":26,"loc":{"start":{"line":26,"column":4},"end":{"line":31,"column":4}}},"2":{"name":"divideByZeroRead","line":33,"loc":{"start":{"line":33,"column":4},"end":{"line":38,"column":4}}},"3":{"name":"wrongConvertToEnumRead","line":40,"loc":{"start":{"line":40,"column":4},"end":{"line":42,"column":4}}},"4":{"name":"tooMuchMemoryAllocatedRead","line":44,"loc":{"start":{"line":44,"column":4},"end":{"line":47,"column":4}}},"5":{"name":"zeroInitializedVariableRead","line":49,"loc":{"start":{"line":49,"column":4},"end":{"line":53,"column":4}}},"6":{"name":"assertRead","line":55,"loc":{"start":{"line":55,"column":4},"end":{"line":57,"column":4}}},"7":{"name":"requireRead","line":59,"loc":{"start":{"line":59,"column":4},"end":{"line":61,"column":4}}},"8":{"name":"revertRead","line":63,"loc":{"start":{"line":63,"column":4},"end":{"line":65,"column":4}}},"9":{"name":"simpleCustomRead","line":67,"loc":{"start":{"line":67,"column":4},"end":{"line":69,"column":4}}},"10":{"name":"complexCustomRead","line":71,"loc":{"start":{"line":71,"column":4},"end":{"line":77,"column":4}}},"11":{"name":"infiniteLoopRead","line":79,"loc":{"start":{"line":79,"column":4},"end":{"line":84,"column":4}}},"12":{"name":"overflowWrite","line":88,"loc":{"start":{"line":88,"column":4},"end":{"line":93,"column":4}}},"13":{"name":"divideByZeroWrite","line":95,"loc":{"start":{"line":95,"column":4},"end":{"line":100,"column":4}}},"14":{"name":"wrongConvertToEnumWrite","line":102,"loc":{"start":{"line":102,"column":4},"end":{"line":104,"column":4}}},"15":{"name":"popEmptyArrayWrite","line":106,"loc":{"start":{"line":106,"column":4},"end":{"line":108,"column":4}}},"16":{"name":"outOfBoundsArrayAccessWrite","line":110,"loc":{"start":{"line":110,"column":4},"end":{"line":112,"column":4}}},"17":{"name":"tooMuchMemoryAllocatedWrite","line":114,"loc":{"start":{"line":114,"column":4},"end":{"line":117,"column":4}}},"18":{"name":"zeroInitializedVariableWrite","line":119,"loc":{"start":{"line":119,"column":4},"end":{"line":123,"column":4}}},"19":{"name":"assertWrite","line":125,"loc":{"start":{"line":125,"column":4},"end":{"line":127,"column":4}}},"20":{"name":"requireWrite","line":129,"loc":{"start":{"line":129,"column":4},"end":{"line":131,"column":4}}},"21":{"name":"revertWrite","line":133,"loc":{"start":{"line":133,"column":4},"end":{"line":135,"column":4}}},"22":{"name":"simpleCustomWrite","line":137,"loc":{"start":{"line":137,"column":4},"end":{"line":139,"column":4}}},"23":{"name":"complexCustomWrite","line":141,"loc":{"start":{"line":141,"column":4},"end":{"line":147,"column":4}}},"24":{"name":"infiniteLoopWrite","line":149,"loc":{"start":{"line":149,"column":4},"end":{"line":154,"column":4}}}},"statementMap":{"1":{"start":{"line":27,"column":8},"end":{"line":27,"column":32}},"2":{"start":{"line":28,"column":8},"end":{"line":28,"column":21}},"3":{"start":{"line":29,"column":8},"end":{"line":29,"column":25}},"4":{"start":{"line":30,"column":8},"end":{"line":30,"column":16}},"5":{"start":{"line":34,"column":8},"end":{"line":34,"column":22}},"6":{"start":{"line":35,"column":8},"end":{"line":35,"column":21}},"7":{"start":{"line":36,"column":8},"end":{"line":36,"column":25}},"8":{"start":{"line":37,"column":8},"end":{"line":37,"column":16}},"9":{"start":{"line":41,"column":8},"end":{"line":41,"column":26}},"10":{"start":{"line":45,"column":8},"end":{"line":45,"column":53}},"11":{"start":{"line":46,"column":8},"end":{"line":46,"column":20}},"12":{"start":{"line":50,"column":8},"end":{"line":50,"column":70}},"13":{"start":{"line":52,"column":8},"end":{"line":52,"column":36}},"14":{"start":{"line":56,"column":8},"end":{"line":56,"column":20}},"15":{"start":{"line":60,"column":8},"end":{"line":60,"column":44}},"16":{"start":{"line":64,"column":8},"end":{"line":64,"column":41}},"17":{"start":{"line":80,"column":8},"end":{"line":80,"column":21}},"18":{"start":{"line":81,"column":8},"end":{"line":81,"column":1952}},"19":{"start":{"line":89,"column":8},"end":{"line":89,"column":32}},"20":{"start":{"line":90,"column":8},"end":{"line":90,"column":21}},"21":{"start":{"line":91,"column":8},"end":{"line":91,"column":25}},"22":{"start":{"line":92,"column":8},"end":{"line":92,"column":16}},"23":{"start":{"line":96,"column":8},"end":{"line":96,"column":22}},"24":{"start":{"line":97,"column":8},"end":{"line":97,"column":21}},"25":{"start":{"line":98,"column":8},"end":{"line":98,"column":25}},"26":{"start":{"line":99,"column":8},"end":{"line":99,"column":16}},"27":{"start":{"line":103,"column":8},"end":{"line":103,"column":26}},"28":{"start":{"line":107,"column":8},"end":{"line":107,"column":23}},"29":{"start":{"line":111,"column":8},"end":{"line":111,"column":32}},"30":{"start":{"line":115,"column":8},"end":{"line":115,"column":53}},"31":{"start":{"line":116,"column":8},"end":{"line":116,"column":20}},"32":{"start":{"line":120,"column":8},"end":{"line":120,"column":70}},"33":{"start":{"line":122,"column":8},"end":{"line":122,"column":36}},"34":{"start":{"line":126,"column":8},"end":{"line":126,"column":20}},"35":{"start":{"line":130,"column":8},"end":{"line":130,"column":21}},"36":{"start":{"line":134,"column":8},"end":{"line":134,"column":41}},"37":{"start":{"line":150,"column":8},"end":{"line":150,"column":21}},"38":{"start":{"line":151,"column":8},"end":{"line":151,"column":3595}}},"branchMap":{"1":{"line":60,"type":"if","locations":[{"start":{"line":60,"column":8},"end":{"line":60,"column":8}},{"start":{"line":60,"column":8},"end":{"line":60,"column":8}}]},"2":{"line":130,"type":"if","locations":[{"start":{"line":130,"column":8},"end":{"line":130,"column":8}},{"start":{"line":130,"column":8},"end":{"line":130,"column":8}}]}}},
"contracts/MyERC20Votes.sol":{"l":{"14":6,"15":6,"16":6,"20":14,"24":4,"31":4,"37":14,"41":4,"49":20},"path":"/Users/uri/Dev/tgp-hardhat/contracts/MyERC20Votes.sol","s":{"1":6,"2":6,"3":6,"4":14,"5":4,"6":4,"7":14,"8":4,"9":20},"b":{"1":[14,1],"2":[4,1],"3":[4,1]},"f":{"1":6,"2":14,"3":4,"4":4,"5":14,"6":4,"7":20},"fnMap":{"1":{"name":"constructor","line":13,"loc":{"start":{"line":13,"column":4},"end":{"line":17,"column":4}}},"2":{"name":"mint","line":19,"loc":{"start":{"line":19,"column":4},"end":{"line":21,"column":4}}},"3":{"name":"burn","line":23,"loc":{"start":{"line":23,"column":4},"end":{"line":25,"column":4}}},"4":{"name":"grantRole","line":30,"loc":{"start":{"line":27,"column":4},"end":{"line":32,"column":4}}},"5":{"name":"_mint","line":36,"loc":{"start":{"line":36,"column":4},"end":{"line":38,"column":4}}},"6":{"name":"_burn","line":40,"loc":{"start":{"line":40,"column":4},"end":{"line":42,"column":4}}},"7":{"name":"_afterTokenTransfer","line":44,"loc":{"start":{"line":44,"column":4},"end":{"line":50,"column":4}}}},"statementMap":{"1":{"start":{"line":14,"column":8},"end":{"line":14,"column":49}},"2":{"start":{"line":15,"column":8},"end":{"line":15,"column":42}},"3":{"start":{"line":16,"column":8},"end":{"line":16,"column":42}},"4":{"start":{"line":20,"column":8},"end":{"line":20,"column":24}},"5":{"start":{"line":24,"column":8},"end":{"line":24,"column":29}},"6":{"start":{"line":31,"column":8},"end":{"line":31,"column":32}},"7":{"start":{"line":37,"column":8},"end":{"line":37,"column":30}},"8":{"start":{"line":41,"column":8},"end":{"line":41,"column":35}},"9":{"start":{"line":49,"column":8},"end":{"line":49,"column":50}}},"branchMap":{"1":{"line":19,"type":"if","locations":[{"start":{"line":19,"column":53},"end":{"line":19,"column":53}},{"start":{"line":19,"column":53},"end":{"line":19,"column":53}}]},"2":{"line":23,"type":"if","locations":[{"start":{"line":23,"column":58},"end":{"line":23,"column":58}},{"start":{"line":23,"column":58},"end":{"line":23,"column":58}}]},"3":{"line":30,"type":"if","locations":[{"start":{"line":30,"column":37},"end":{"line":30,"column":37}},{"start":{"line":30,"column":37},"end":{"line":30,"column":37}}]}}},
"contracts/TokenizedBallot.sol":{"l":{"27":3,"28":3,"29":3,"30":3,"31":15,"32":15,"37":9,"38":8,"40":7,"41":7,"43":7,"47":16,"51":2,"52":2,"53":10,"54":2,"55":2,"58":2,"62":1},"path":"/Users/uri/Dev/tgp-hardhat/contracts/TokenizedBallot.sol","s":{"1":3,"2":15,"3":9,"4":8,"5":7,"6":16,"7":2,"8":2,"9":10,"10":2,"11":1},"b":{"1":[8,1],"2":[7,1],"3":[2,8]},"f":{"1":3,"2":9,"3":16,"4":2,"5":1},"fnMap":{"1":{"name":"constructor","line":26,"loc":{"start":{"line":26,"column":4},"end":{"line":34,"column":4}}},"2":{"name":"vote","line":36,"loc":{"start":{"line":36,"column":4},"end":{"line":44,"column":4}}},"3":{"name":"votingPower","line":46,"loc":{"start":{"line":46,"column":4},"end":{"line":48,"column":4}}},"4":{"name":"winningProposal","line":50,"loc":{"start":{"line":50,"column":4},"end":{"line":59,"column":4}}},"5":{"name":"winnerName","line":61,"loc":{"start":{"line":61,"column":4},"end":{"line":63,"column":4}}}},"statementMap":{"1":{"start":{"line":30,"column":8},"end":{"line":30,"column":863}},"2":{"start":{"line":31,"column":12},"end":{"line":31,"column":77}},"3":{"start":{"line":37,"column":8},"end":{"line":37,"column":59}},"4":{"start":{"line":38,"column":8},"end":{"line":38,"column":76}},"5":{"start":{"line":43,"column":8},"end":{"line":43,"column":53}},"6":{"start":{"line":47,"column":8},"end":{"line":47,"column":97}},"7":{"start":{"line":51,"column":8},"end":{"line":51,"column":33}},"8":{"start":{"line":52,"column":8},"end":{"line":52,"column":1700}},"9":{"start":{"line":53,"column":12},"end":{"line":53,"column":1762}},"10":{"start":{"line":58,"column":8},"end":{"line":58,"column":31}},"11":{"start":{"line":62,"column":8},"end":{"line":62,"column":48}}},"branchMap":{"1":{"line":37,"type":"if","locations":[{"start":{"line":37,"column":8},"end":{"line":37,"column":8}},{"start":{"line":37,"column":8},"end":{"line":37,"column":8}}]},"2":{"line":38,"type":"if","locations":[{"start":{"line":38,"column":8},"end":{"line":38,"column":8}},{"start":{"line":38,"column":8},"end":{"line":38,"column":8}}]},"3":{"line":53,"type":"if","locations":[{"start":{"line":53,"column":12},"end":{"line":53,"column":12}},{"start":{"line":53,"column":12},"end":{"line":53,"column":12}}]}}}}
