TN:
SF:/Users/uri/Dev/tgp-hardhat/contracts/Errors.sol
FN:26,overflowRead
FN:33,divideByZeroRead
FN:40,wrongConvertToEnumRead
FN:44,tooMuchMemoryAllocatedRead
FN:49,zeroInitializedVariableRead
FN:55,assertRead
FN:59,requireRead
FN:63,revertRead
FN:67,simpleCustomRead
FN:71,complexCustomRead
FN:79,infiniteLoopRead
FN:88,overflowWrite
FN:95,divideByZeroWrite
FN:102,wrongConvertToEnumWrite
FN:106,popEmptyArrayWrite
FN:110,outOfBoundsArrayAccessWrite
FN:114,tooMuchMemoryAllocatedWrite
FN:119,zeroInitializedVariableWrite
FN:125,assertWrite
FN:129,requireWrite
FN:133,revertWrite
FN:137,simpleCustomWrite
FN:141,complexCustomWrite
FN:149,infiniteLoopWrite
FNF:24
FNH:22
FNDA:1,overflowRead
FNDA:1,divideByZeroRead
FNDA:1,wrongConvertToEnumRead
FNDA:1,tooMuchMemoryAllocatedRead
FNDA:1,zeroInitializedVariableRead
FNDA:1,assertRead
FNDA:1,requireRead
FNDA:1,revertRead
FNDA:1,simpleCustomRead
FNDA:1,complexCustomRead
FNDA:0,infiniteLoopRead
FNDA:1,overflowWrite
FNDA:1,divideByZeroWrite
FNDA:1,wrongConvertToEnumWrite
FNDA:1,popEmptyArrayWrite
FNDA:1,outOfBoundsArrayAccessWrite
FNDA:1,tooMuchMemoryAllocatedWrite
FNDA:1,zeroInitializedVariableWrite
FNDA:1,assertWrite
FNDA:1,requireWrite
FNDA:1,revertWrite
FNDA:1,simpleCustomWrite
FNDA:1,complexCustomWrite
FNDA:0,infiniteLoopWrite
DA:27,1
DA:28,1
DA:29,1
DA:30,0
DA:34,1
DA:35,1
DA:36,1
DA:37,0
DA:41,1
DA:45,1
DA:46,0
DA:50,1
DA:52,1
DA:56,1
DA:60,1
DA:64,1
DA:68,1
DA:72,1
DA:80,0
DA:81,0
DA:82,0
DA:89,1
DA:90,1
DA:91,1
DA:92,0
DA:96,1
DA:97,1
DA:98,1
DA:99,0
DA:103,1
DA:107,1
DA:111,1
DA:115,1
DA:116,0
DA:120,1
DA:122,1
DA:126,1
DA:130,1
DA:134,1
DA:138,1
DA:142,1
DA:150,0
DA:151,0
DA:152,0
LF:44
LH:32
BRDA:60,1,0,0
BRDA:60,1,1,1
BRDA:130,2,0,0
BRDA:130,2,1,1
BRF:4
BRH:2
end_of_record
TN:
SF:/Users/uri/Dev/tgp-hardhat/contracts/MyERC20Votes.sol
FN:13,constructor
FN:19,mint
FN:23,burn
FN:30,grantRole
FN:36,_mint
FN:40,_burn
FN:44,_afterTokenTransfer
FNF:7
FNH:7
FNDA:6,constructor
FNDA:14,mint
FNDA:4,burn
FNDA:4,grantRole
FNDA:14,_mint
FNDA:4,_burn
FNDA:20,_afterTokenTransfer
DA:14,6
DA:15,6
DA:16,6
DA:20,14
DA:24,4
DA:31,4
DA:37,14
DA:41,4
DA:49,20
LF:9
LH:9
BRDA:19,1,0,14
BRDA:19,1,1,1
BRDA:23,2,0,4
BRDA:23,2,1,1
BRDA:30,3,0,4
BRDA:30,3,1,1
BRF:6
BRH:6
end_of_record
TN:
SF:/Users/uri/Dev/tgp-hardhat/contracts/TokenizedBallot.sol
FN:26,constructor
FN:36,vote
FN:46,votingPower
FN:50,winningProposal
FN:61,winnerName
FNF:5
FNH:5
FNDA:3,constructor
FNDA:9,vote
FNDA:16,votingPower
FNDA:2,winningProposal
FNDA:1,winnerName
DA:27,3
DA:28,3
DA:29,3
DA:30,3
DA:31,15
DA:32,15
DA:37,9
DA:38,8
DA:40,7
DA:41,7
DA:43,7
DA:47,16
DA:51,2
DA:52,2
DA:53,10
DA:54,2
DA:55,2
DA:58,2
DA:62,1
LF:19
LH:19
BRDA:37,1,0,8
BRDA:37,1,1,1
BRDA:38,2,0,7
BRDA:38,2,1,1
BRDA:53,3,0,2
BRDA:53,3,1,8
BRF:6
BRH:6
end_of_record
